0 info it worked if it ends with ok
1 verbose cli [ '/usr/bin/nodejs', '/usr/bin/npm', 'install', '-g', 'node' ]
2 info using npm@3.5.2
3 info using node@v4.2.6
4 silly loadCurrentTree Starting
5 silly install loadCurrentTree
6 silly install readGlobalPackageData
7 silly fetchPackageMetaData node
8 silly fetchNamedPackageData node
9 silly mapToRegistry name node
10 silly mapToRegistry using default registry
11 silly mapToRegistry registry https://registry.npmjs.org/
12 silly mapToRegistry uri https://registry.npmjs.org/node
13 verbose get https://registry.npmjs.org/node not expired, no request
14 silly install normalizeTree
15 silly loadCurrentTree Finishing
16 silly loadIdealTree Starting
17 silly install loadIdealTree
18 silly cloneCurrentTree Starting
19 silly install cloneCurrentTreeToIdealTree
20 silly cloneCurrentTree Finishing
21 silly loadShrinkwrap Starting
22 silly install loadShrinkwrap
23 silly loadShrinkwrap Finishing
24 silly loadAllDepsIntoIdealTree Starting
25 silly install loadAllDepsIntoIdealTree
26 silly resolveWithNewModule node@12.8.0 checking installable status
27 silly cache add args [ 'node', null ]
28 verbose cache add spec node
29 silly cache add parsed spec Result {
29 silly cache add   raw: 'node',
29 silly cache add   scope: null,
29 silly cache add   name: 'node',
29 silly cache add   rawSpec: '',
29 silly cache add   spec: 'latest',
29 silly cache add   type: 'tag' }
30 silly addNamed node@latest
31 verbose addNamed "latest" is being treated as a dist-tag for node
32 info addNameTag [ 'node', 'latest' ]
33 silly mapToRegistry name node
34 silly mapToRegistry using default registry
35 silly mapToRegistry registry https://registry.npmjs.org/
36 silly mapToRegistry uri https://registry.npmjs.org/node
37 verbose addNameTag registry:https://registry.npmjs.org/node not in flight; fetching
38 verbose get https://registry.npmjs.org/node not expired, no request
39 silly addNameTag next cb for node with tag latest
40 silly addNamed node@12.8.0
41 verbose addNamed "12.8.0" is a plain semver version for node
42 silly cache afterAdd node@12.8.0
43 verbose afterAdd /home/admin1/.npm/node/12.8.0/package/package.json not in flight; writing
44 verbose afterAdd /home/admin1/.npm/node/12.8.0/package/package.json written
45 silly fetchNamedPackageData node-bin-setup
46 silly mapToRegistry name node-bin-setup
47 silly mapToRegistry using default registry
48 silly mapToRegistry registry https://registry.npmjs.org/
49 silly mapToRegistry uri https://registry.npmjs.org/node-bin-setup
50 verbose get https://registry.npmjs.org/node-bin-setup not expired, no request
51 silly resolveWithNewModule node-bin-setup@1.0.6 checking installable status
52 silly cache add args [ 'node-bin-setup@^1.0.0', null ]
53 verbose cache add spec node-bin-setup@^1.0.0
54 silly cache add parsed spec Result {
54 silly cache add   raw: 'node-bin-setup@^1.0.0',
54 silly cache add   scope: null,
54 silly cache add   name: 'node-bin-setup',
54 silly cache add   rawSpec: '^1.0.0',
54 silly cache add   spec: '>=1.0.0 <2.0.0',
54 silly cache add   type: 'range' }
55 silly addNamed node-bin-setup@>=1.0.0 <2.0.0
56 verbose addNamed ">=1.0.0 <2.0.0" is a valid semver range for node-bin-setup
57 silly addNameRange { name: 'node-bin-setup',
57 silly addNameRange   range: '>=1.0.0 <2.0.0',
57 silly addNameRange   hasData: false }
58 silly mapToRegistry name node-bin-setup
59 silly mapToRegistry using default registry
60 silly mapToRegistry registry https://registry.npmjs.org/
61 silly mapToRegistry uri https://registry.npmjs.org/node-bin-setup
62 verbose addNameRange registry:https://registry.npmjs.org/node-bin-setup not in flight; fetching
63 verbose get https://registry.npmjs.org/node-bin-setup not expired, no request
64 silly addNameRange number 2 { name: 'node-bin-setup',
64 silly addNameRange   range: '>=1.0.0 <2.0.0',
64 silly addNameRange   hasData: true }
65 silly addNameRange versions [ 'node-bin-setup',
65 silly addNameRange   [ '1.0.0', '1.0.1', '1.0.2', '1.0.3', '1.0.4', '1.0.6' ] ]
66 silly addNamed node-bin-setup@1.0.6
67 verbose addNamed "1.0.6" is a plain semver version for node-bin-setup
68 silly cache afterAdd node-bin-setup@1.0.6
69 verbose afterAdd /home/admin1/.npm/node-bin-setup/1.0.6/package/package.json not in flight; writing
70 verbose afterAdd /home/admin1/.npm/node-bin-setup/1.0.6/package/package.json written
71 silly loadAllDepsIntoIdealTree Finishing
72 silly idealTree:prePrune lib
72 silly idealTree:prePrune └─┬ node@12.8.0
72 silly idealTree:prePrune   └── node-bin-setup@1.0.6
73 silly loadIdealTree Finishing
74 silly currentTree lib
75 silly idealTree lib
75 silly idealTree └─┬ node@12.8.0
75 silly idealTree   └── node-bin-setup@1.0.6
76 silly generateActionsToTake Starting
77 silly install generateActionsToTake
78 silly generateActionsToTake Finishing
79 silly diffTrees action count 2
80 silly diffTrees add node-bin-setup@1.0.6
81 silly diffTrees add node@12.8.0
82 silly decomposeActions action count 16
83 silly decomposeActions fetch node-bin-setup@1.0.6
84 silly decomposeActions extract node-bin-setup@1.0.6
85 silly decomposeActions test node-bin-setup@1.0.6
86 silly decomposeActions preinstall node-bin-setup@1.0.6
87 silly decomposeActions build node-bin-setup@1.0.6
88 silly decomposeActions install node-bin-setup@1.0.6
89 silly decomposeActions postinstall node-bin-setup@1.0.6
90 silly decomposeActions finalize node-bin-setup@1.0.6
91 silly decomposeActions fetch node@12.8.0
92 silly decomposeActions extract node@12.8.0
93 silly decomposeActions test node@12.8.0
94 silly decomposeActions preinstall node@12.8.0
95 silly decomposeActions build node@12.8.0
96 silly decomposeActions install node@12.8.0
97 silly decomposeActions postinstall node@12.8.0
98 silly decomposeActions finalize node@12.8.0
99 silly executeActions Starting
100 silly install executeActions
101 silly doSerial global-install 0
102 silly doParallel fetch 2
103 verbose lock using /home/admin1/.npm/_locks/staging-3a08f0df5026584d.lock for /usr/local/lib/node_modules/.staging
104 silly doParallel extract 2
105 silly extract node-bin-setup@1.0.6
106 silly extract node@12.8.0
107 verbose unbuild lib/node_modules/.staging/node-bin-setup-e96ff650
108 verbose unbuild lib/node_modules/.staging/node-120c5c5f
109 silly gentlyRm /usr/local/lib/node_modules/.staging/node-bin-setup-e96ff650 is being purged from base /usr/local
110 verbose gentlyRm don't care about contents; nuking /usr/local/lib/node_modules/.staging/node-bin-setup-e96ff650
111 verbose tar unpack /home/admin1/.npm/node-bin-setup/1.0.6/package.tgz
112 verbose tar unpacking to /usr/local/lib/node_modules/.staging/node-bin-setup-e96ff650
113 silly gentlyRm /usr/local/lib/node_modules/.staging/node-bin-setup-e96ff650 is being purged
114 verbose gentlyRm don't care about contents; nuking /usr/local/lib/node_modules/.staging/node-bin-setup-e96ff650
115 silly gentlyRm /usr/local/lib/node_modules/.staging/node-120c5c5f is being purged from base /usr/local
116 verbose gentlyRm don't care about contents; nuking /usr/local/lib/node_modules/.staging/node-120c5c5f
117 silly gunzTarPerm modes [ '755', '644' ]
118 verbose tar unpack /home/admin1/.npm/node/12.8.0/package.tgz
119 verbose tar unpacking to /usr/local/lib/node_modules/.staging/node-120c5c5f
120 silly gentlyRm /usr/local/lib/node_modules/.staging/node-120c5c5f is being purged
121 verbose gentlyRm don't care about contents; nuking /usr/local/lib/node_modules/.staging/node-120c5c5f
122 silly gunzTarPerm modes [ '755', '644' ]
123 silly gunzTarPerm extractEntry package.json
124 silly gunzTarPerm extractEntry installArchSpecificPackage.js
125 silly gunzTarPerm extractEntry index.js
126 silly gunzTarPerm extractEntry package.json
127 silly gunzTarPerm extractEntry README.md
128 silly gentlyRm /usr/local/lib/node_modules/.staging/node-bin-setup-e96ff650/node_modules is being purged
129 verbose gentlyRm don't care about contents; nuking /usr/local/lib/node_modules/.staging/node-bin-setup-e96ff650/node_modules
130 silly gentlyRm /usr/local/lib/node_modules/.staging/node-120c5c5f/node_modules is being purged
131 verbose gentlyRm don't care about contents; nuking /usr/local/lib/node_modules/.staging/node-120c5c5f/node_modules
132 silly doParallel preinstall 2
133 silly preinstall node-bin-setup@1.0.6 /usr/local/lib/node_modules/.staging/node-bin-setup-e96ff650
134 info lifecycle node-bin-setup@1.0.6~preinstall: node-bin-setup@1.0.6
135 silly preinstall node@12.8.0 /usr/local/lib/node_modules/.staging/node-120c5c5f
136 info lifecycle node@12.8.0~preinstall: node@12.8.0
137 silly lifecycle node-bin-setup@1.0.6~preinstall: no script for preinstall, continuing
138 warn lifecycle node@12.8.0~preinstall: cannot run in wd %s %s (wd=%s) node@12.8.0 node installArchSpecificPackage /usr/local/lib/node_modules/.staging/node-120c5c5f
139 silly doReverseSerial remove 0
140 silly doSerial move 0
141 silly doSerial finalize 2
142 silly finalize /usr/local/lib/node_modules/node/node_modules/node-bin-setup
143 silly finalize /usr/local/lib/node_modules/node
144 silly doSerial build 2
145 silly build node-bin-setup@1.0.6
146 info linkStuff node-bin-setup@1.0.6
147 silly linkStuff node-bin-setup@1.0.6 has /usr/local/lib/node_modules/node/node_modules as its parent node_modules
148 silly linkStuff node-bin-setup@1.0.6 is part of a global install
149 silly linkStuff node-bin-setup@1.0.6 is installed into a global node_modules
150 verbose linkBins node-bin-setup@1.0.6
151 verbose linkMans node-bin-setup@1.0.6
152 silly build node@12.8.0
153 info linkStuff node@12.8.0
154 silly linkStuff node@12.8.0 has /usr/local/lib/node_modules as its parent node_modules
155 silly linkStuff node@12.8.0 is part of a global install
156 silly linkStuff node@12.8.0 is installed into a global node_modules
157 silly linkStuff node@12.8.0 is installed into the top-level global node_modules
158 verbose linkBins node@12.8.0
159 verbose link bins [ { node: 'bin/node' }, '/usr/local/bin', true ]
160 verbose linkMans node@12.8.0
161 verbose unlock done using /home/admin1/.npm/_locks/staging-3a08f0df5026584d.lock for /usr/local/lib/node_modules/.staging
162 silly rollbackFailedOptional Starting
163 silly rollbackFailedOptional Finishing
164 silly runTopLevelLifecycles Starting
165 silly runTopLevelLifecycles Finishing
166 silly install printInstalled
167 verbose stack Error: ENOENT: no such file or directory, chmod '/usr/local/lib/node_modules/node/bin/node'
167 verbose stack     at Error (native)
168 verbose cwd /home/admin1/QA/QA-Portal
169 error Linux 4.8.0-36-generic
170 error argv "/usr/bin/nodejs" "/usr/bin/npm" "install" "-g" "node"
171 error node v4.2.6
172 error npm  v3.5.2
173 error path /usr/local/lib/node_modules/node/bin/node
174 error code ENOENT
175 error errno -2
176 error syscall chmod
177 error enoent ENOENT: no such file or directory, chmod '/usr/local/lib/node_modules/node/bin/node'
178 error enoent ENOENT: no such file or directory, chmod '/usr/local/lib/node_modules/node/bin/node'
178 error enoent This is most likely not a problem with npm itself
178 error enoent and is related to npm not being able to find a file.
179 verbose exit [ -2, true ]
